# JRE version: OpenJDK Runtime Environment (8.0_202-b03) (build 1.8.0_202-release-1483-b03)
# Java VM: OpenJDK 64-Bit Server VM (25.202-b03 mixed mode windows-amd64 compressed oops)
Heap:
 PSYoungGen      total 133632K, used 120082K [0x00000000e0000000, 0x00000000e9b00000, 0x0000000100000000)
  eden space 120320K, 89% used [0x00000000e0000000,0x00000000e6893a08,0x00000000e7580000)
  from space 13312K, 97% used [0x00000000e8380000,0x00000000e9030fe0,0x00000000e9080000)
  to   space 10752K, 0% used [0x00000000e9080000,0x00000000e9080000,0x00000000e9b00000)
 ParOldGen       total 142336K, used 32778K [0x00000000a0000000, 0x00000000a8b00000, 0x00000000e0000000)
  object space 142336K, 23% used [0x00000000a0000000,0x00000000a2002900,0x00000000a8b00000)
 Metaspace       used 70653K, capacity 73732K, committed 74112K, reserved 1114112K
  class space    used 9349K, capacity 9991K, committed 10112K, reserved 1048576K
GC Heap History (10 events):
Event: 14.679 GC heap before
{Heap before GC invocations=16 (full 2):
 PSYoungGen      total 94720K, used 94692K [0x00000000e0000000, 0x00000000e8580000, 0x0000000100000000)
  eden space 83456K, 100% used [0x00000000e0000000,0x00000000e5180000,0x00000000e5180000)
  from space 11264K, 99% used [0x00000000e5180000,0x00000000e5c790e8,0x00000000e5c80000)
  to   space 13312K, 0% used [0x00000000e7880000,0x00000000e7880000,0x00000000e8580000)
 ParOldGen       total 91136K, used 18348K [0x00000000a0000000, 0x00000000a5900000, 0x00000000e0000000)
  object space 91136K, 20% used [0x00000000a0000000,0x00000000a11eb268,0x00000000a5900000)
 Metaspace       used 54300K, capacity 56196K, committed 56448K, reserved 1097728K
  class space    used 7385K, capacity 7801K, committed 7808K, reserved 1048576K
Event: 14.692 GC heap after
Heap after GC invocations=16 (full 2):
 PSYoungGen      total 119296K, used 13297K [0x00000000e0000000, 0x00000000e8f00000, 0x0000000100000000)
  eden space 105984K, 0% used [0x00000000e0000000,0x00000000e0000000,0x00000000e6780000)
  from space 13312K, 99% used [0x00000000e7880000,0x00000000e857c588,0x00000000e8580000)
  to   space 17408K, 0% used [0x00000000e6780000,0x00000000e6780000,0x00000000e7880000)
 ParOldGen       total 91136K, used 24131K [0x00000000a0000000, 0x00000000a5900000, 0x00000000e0000000)
  object space 91136K, 26% used [0x00000000a0000000,0x00000000a1790f18,0x00000000a5900000)
 Metaspace       used 54300K, capacity 56196K, committed 56448K, reserved 1097728K
  class space    used 7385K, capacity 7801K, committed 7808K, reserved 1048576K
}
Event: 15.918 GC heap before
{Heap before GC invocations=17 (full 2):
 PSYoungGen      total 119296K, used 80192K [0x00000000e0000000, 0x00000000e8f00000, 0x0000000100000000)
  eden space 105984K, 63% used [0x00000000e0000000,0x00000000e4153c90,0x00000000e6780000)
  from space 13312K, 99% used [0x00000000e7880000,0x00000000e857c588,0x00000000e8580000)
  to   space 17408K, 0% used [0x00000000e6780000,0x00000000e6780000,0x00000000e7880000)
 ParOldGen       total 91136K, used 24131K [0x00000000a0000000, 0x00000000a5900000, 0x00000000e0000000)
  object space 91136K, 26% used [0x00000000a0000000,0x00000000a1790f18,0x00000000a5900000)
 Metaspace       used 57028K, capacity 59070K, committed 59160K, reserved 1099776K
  class space    used 7797K, capacity 8251K, committed 8320K, reserved 1048576K
Event: 15.929 GC heap after
Heap after GC invocations=17 (full 2):
 PSYoungGen      total 123392K, used 4783K [0x00000000e0000000, 0x00000000eab00000, 0x0000000100000000)
  eden space 105984K, 0% used [0x00000000e0000000,0x00000000e0000000,0x00000000e6780000)
  from space 17408K, 27% used [0x00000000e6780000,0x00000000e6c2bd10,0x00000000e7880000)
  to   space 16896K, 0% used [0x00000000e9a80000,0x00000000e9a80000,0x00000000eab00000)
 ParOldGen       total 91136K, used 33908K [0x00000000a0000000, 0x00000000a5900000, 0x00000000e0000000)
  object space 91136K, 37% used [0x00000000a0000000,0x00000000a211d078,0x00000000a5900000)
 Metaspace       used 57028K, capacity 59070K, committed 59160K, reserved 1099776K
  class space    used 7797K, capacity 8251K, committed 8320K, reserved 1048576K
}
Event: 15.929 GC heap before
{Heap before GC invocations=18 (full 3):
 PSYoungGen      total 123392K, used 4783K [0x00000000e0000000, 0x00000000eab00000, 0x0000000100000000)
  eden space 105984K, 0% used [0x00000000e0000000,0x00000000e0000000,0x00000000e6780000)
  from space 17408K, 27% used [0x00000000e6780000,0x00000000e6c2bd10,0x00000000e7880000)
  to   space 16896K, 0% used [0x00000000e9a80000,0x00000000e9a80000,0x00000000eab00000)
 ParOldGen       total 91136K, used 33908K [0x00000000a0000000, 0x00000000a5900000, 0x00000000e0000000)
  object space 91136K, 37% used [0x00000000a0000000,0x00000000a211d078,0x00000000a5900000)
 Metaspace       used 57028K, capacity 59070K, committed 59160K, reserved 1099776K
  class space    used 7797K, capacity 8251K, committed 8320K, reserved 1048576K
Event: 16.220 GC heap after
Heap after GC invocations=18 (full 3):
 PSYoungGen      total 123392K, used 0K [0x00000000e0000000, 0x00000000eab00000, 0x0000000100000000)
  eden space 105984K, 0% used [0x00000000e0000000,0x00000000e0000000,0x00000000e6780000)
  from space 17408K, 0% used [0x00000000e6780000,0x00000000e6780000,0x00000000e7880000)
  to   space 16896K, 0% used [0x00000000e9a80000,0x00000000e9a80000,0x00000000eab00000)
 ParOldGen       total 142336K, used 32762K [0x00000000a0000000, 0x00000000a8b00000, 0x00000000e0000000)
  object space 142336K, 23% used [0x00000000a0000000,0x00000000a1ffe900,0x00000000a8b00000)
 Metaspace       used 56991K, capacity 58944K, committed 59160K, reserved 1099776K
  class space    used 7785K, capacity 8230K, committed 8320K, reserved 1048576K
}
Event: 19.146 GC heap before
{Heap before GC invocations=19 (full 3):
 PSYoungGen      total 123392K, used 105984K [0x00000000e0000000, 0x00000000eab00000, 0x0000000100000000)
  eden space 105984K, 100% used [0x00000000e0000000,0x00000000e6780000,0x00000000e6780000)
  from space 17408K, 0% used [0x00000000e6780000,0x00000000e6780000,0x00000000e7880000)
  to   space 16896K, 0% used [0x00000000e9a80000,0x00000000e9a80000,0x00000000eab00000)
 ParOldGen       total 142336K, used 32762K [0x00000000a0000000, 0x00000000a8b00000, 0x00000000e0000000)
  object space 142336K, 23% used [0x00000000a0000000,0x00000000a1ffe900,0x00000000a8b00000)
 Metaspace       used 62354K, capacity 64852K, committed 65024K, reserved 1105920K
  class space    used 8556K, capacity 9097K, committed 9216K, reserved 1048576K
Event: 19.165 GC heap after
Heap after GC invocations=19 (full 3):
 PSYoungGen      total 132608K, used 8974K [0x00000000e0000000, 0x00000000ea380000, 0x0000000100000000)
  eden space 123392K, 0% used [0x00000000e0000000,0x00000000e0000000,0x00000000e7880000)
  from space 9216K, 97% used [0x00000000e9a80000,0x00000000ea343af0,0x00000000ea380000)
  to   space 16384K, 0% used [0x00000000e8380000,0x00000000e8380000,0x00000000e9380000)
 ParOldGen       total 142336K, used 32770K [0x00000000a0000000, 0x00000000a8b00000, 0x00000000e0000000)
  object space 142336K, 23% used [0x00000000a0000000,0x00000000a2000900,0x00000000a8b00000)
 Metaspace       used 62354K, capacity 64852K, committed 65024K, reserved 1105920K
  class space    used 8556K, capacity 9097K, committed 9216K, reserved 1048576K
}
Event: 4285.905 GC heap before
{Heap before GC invocations=20 (full 3):
 PSYoungGen      total 132608K, used 132366K [0x00000000e0000000, 0x00000000ea380000, 0x0000000100000000)
  eden space 123392K, 100% used [0x00000000e0000000,0x00000000e7880000,0x00000000e7880000)
  from space 9216K, 97% used [0x00000000e9a80000,0x00000000ea343af0,0x00000000ea380000)
  to   space 16384K, 0% used [0x00000000e8380000,0x00000000e8380000,0x00000000e9380000)
 ParOldGen       total 142336K, used 32770K [0x00000000a0000000, 0x00000000a8b00000, 0x00000000e0000000)
  object space 142336K, 23% used [0x00000000a0000000,0x00000000a2000900,0x00000000a8b00000)
 Metaspace       used 68866K, capacity 71754K, committed 72064K, reserved 1112064K
  class space    used 9193K, capacity 9810K, committed 9856K, reserved 1048576K
Event: 4286.281 GC heap after
Heap after GC invocations=20 (full 3):
 PSYoungGen      total 133632K, used 12995K [0x00000000e0000000, 0x00000000e9b00000, 0x0000000100000000)
  eden space 120320K, 0% used [0x00000000e0000000,0x00000000e0000000,0x00000000e7580000)
  from space 13312K, 97% used [0x00000000e8380000,0x00000000e9030fe0,0x00000000e9080000)
  to   space 10752K, 0% used [0x00000000e9080000,0x00000000e9080000,0x00000000e9b00000)
 ParOldGen       total 142336K, used 32778K [0x00000000a0000000, 0x00000000a8b00000, 0x00000000e0000000)
  object space 142336K, 23% used [0x00000000a0000000,0x00000000a2002900,0x00000000a8b00000)
 Metaspace       used 68866K, capacity 71754K, committed 72064K, reserved 1112064K
  class space    used 9193K, capacity 9810K, committed 9856K, reserved 1048576K
}

